\BOOKMARK [0][-]{chapter*.2}{Introduction}{}% 1
\BOOKMARK [0][-]{chapter.1}{Pr\351sentation du mat\351riel}{}% 2
\BOOKMARK [1][-]{section.1.1}{La RaspberryPi}{chapter.1}% 3
\BOOKMARK [1][-]{section.1.2}{Le shield GrovePi+}{chapter.1}% 4
\BOOKMARK [1][-]{section.1.3}{Les composants}{chapter.1}% 5
\BOOKMARK [2][-]{subsection.1.3.1}{Le capteur de temp\351rature et d'humidit\351}{section.1.3}% 6
\BOOKMARK [2][-]{subsection.1.3.2}{Le capteur de luminosit\351}{section.1.3}% 7
\BOOKMARK [2][-]{subsection.1.3.3}{L'\351cran}{section.1.3}% 8
\BOOKMARK [2][-]{subsection.1.3.4}{L'encodeur rotatif}{section.1.3}% 9
\BOOKMARK [0][-]{chapter.2}{Configuration de la station}{}% 10
\BOOKMARK [1][-]{section.2.1}{Cr\351ation et installation de la distribution Raspbian.}{chapter.2}% 11
\BOOKMARK [1][-]{section.2.2}{Premi\350re mise en route de la RaspberryPi.}{chapter.2}% 12
\BOOKMARK [1][-]{section.2.3}{Installation, configuration et test du code de la station avec ses capteurs.}{chapter.2}% 13
\BOOKMARK [2][-]{subsection.2.3.1}{Installation des capteurs.}{section.2.3}% 14
\BOOKMARK [2][-]{subsection.2.3.2}{Configuration de la RaspberryPi.}{section.2.3}% 15
\BOOKMARK [2][-]{subsection.2.3.3}{Test de la station}{section.2.3}% 16
\BOOKMARK [0][-]{chapter.3}{Configuration de Microsoft Azure}{}% 17
\BOOKMARK [1][-]{section.3.1}{Mise en place pour 1 station}{chapter.3}% 18
\BOOKMARK [2][-]{subsection.3.1.1}{Explication des fonctionnalit\351s propos\351 par Microsoft}{section.3.1}% 19
\BOOKMARK [2][-]{subsection.3.1.2}{Cr\351ation d'un Hub d'\351v\350nements sur Azure avec la CLI}{section.3.1}% 20
\BOOKMARK [3][-]{subsubsection.3.1.2.1}{Installation de l'Interface en Lignes de Commande de Azure}{subsection.3.1.2}% 21
\BOOKMARK [3][-]{subsubsection.3.1.2.2}{Cr\351ation d'un groupe de ressources et d'un Hub d'\351v\350nement}{subsection.3.1.2}% 22
\BOOKMARK [2][-]{subsection.3.1.3}{Cr\351ation d'un portail Time Series Insights}{section.3.1}% 23
