This is pdfTeX, Version 3.14159265-2.6-1.40.18 (MiKTeX 2.9.6300 64-bit) (preloaded format=pdflatex 2017.5.20)  11 JUL 2017 20:45
entering extended mode
**./livrable.tex
(livrable.tex
LaTeX2e <2017-04-15>
Babel <3.9r> and hyphenation patterns for 75 language(s) loaded.
("C:\Program Files\Latek\tex\latex\base\report.cls"
Document Class: report 2014/09/29 v1.4h Standard LaTeX document class
("C:\Program Files\Latek\tex\latex\base\size10.clo"
File: size10.clo 2014/09/29 v1.4h Standard LaTeX file (size option)
)
\c@part=\count79
\c@chapter=\count80
\c@section=\count81
\c@subsection=\count82
\c@subsubsection=\count83
\c@paragraph=\count84
\c@subparagraph=\count85
\c@figure=\count86
\c@table=\count87
\abovecaptionskip=\skip41
\belowcaptionskip=\skip42
\bibindent=\dimen102
)
("C:\Program Files\Latek\tex\generic\babel\babel.sty"
Package: babel 2017/06/29 3.12 The Babel package

("C:\Program Files\Latek\tex\generic\babel\switch.def"
File: switch.def 2017/06/29 3.12 Babel switching mechanism
)
*************************************
* Local config file bblopts.cfg used
*

("C:\Users\GRANTE Florian\AppData\Roaming\MiKTeX\2.9\tex\latex\arabi\bblopts.cf
g"
File: bblopts.cfg 2005/09/08 v0.1 add Arabic and Farsi to "declared" options of
 babel
) ("C:\Program Files\Latek\tex\generic\babel-french\frenchb.ldf"
Language: frenchb 2017/04/30 v3.3a French support from the babel system

("C:\Program Files\Latek\tex\generic\babel\babel.def"
File: babel.def 2017/06/29 3.12 Babel common definitions

("C:\Program Files\Latek\tex\generic\babel\switch.def"
File: switch.def 2017/06/29 3.12 Babel switching mechanism
)
\babel@savecnt=\count88
\U@D=\dimen103
)
\l@acadian = a dialect from \language\l@french 
\l@canadien = a dialect from \language\l@french 
\FB@nonchar=\count89
\FBcolonsp=\toks14
\FBthinsp=\toks15
Package babel Info: Making : an active character on input line 362.
Package babel Info: Making ; an active character on input line 363.
Package babel Info: Making ! an active character on input line 364.
Package babel Info: Making ? an active character on input line 365.
\FBguillsp=\toks16
\FBguill@level=\count90
\FB@everypar=\toks17
\FB@Mht=\dimen104
\mc@charclass=\count91
\mc@charfam=\count92
\mc@charslot=\count93
\std@mcc=\count94
\dec@mcc=\count95
\listindentFB=\skip43
\descindentFB=\skip44
\labelwidthFB=\skip45
\leftmarginFB=\skip46
\parindentFFN=\dimen105
\FBfnindent=\skip47
))
("C:\Program Files\Latek\tex\latex\carlisle\scalefnt.sty")
("C:\Program Files\Latek\tex\latex\graphics\keyval.sty"
Package: keyval 2014/10/28 v1.15 key=value parser (DPC)
\KV@toks@=\toks18
)
("C:\Program Files\Latek\tex\latex\base\inputenc.sty"
Package: inputenc 2015/03/17 v1.2c Input encoding file
\inpenc@prehook=\toks19
\inpenc@posthook=\toks20

("C:\Users\GRANTE Florian\AppData\Roaming\MiKTeX\2.9\tex\latex\ucs\utf8x.def"
File: utf8x.def 2004/10/17 UCS: Input encoding UTF-8
)) ("C:\Users\GRANTE Florian\AppData\Roaming\MiKTeX\2.9\tex\latex\ucs\ucs.sty"
Package: ucs 2013/05/11 v2.2 UCS: Unicode input support

("C:\Users\GRANTE Florian\AppData\Roaming\MiKTeX\2.9\tex\latex\ucs\uni-global.d
ef"
File: uni-global.def 2013/05/13 UCS: Unicode global data
)
\uc@secondtry=\count96
\uc@combtoks=\toks21
\uc@combtoksb=\toks22
\uc@temptokena=\toks23
) ("C:\Program Files\Latek\tex\latex\float\float.sty"
Package: float 2001/11/08 v1.3d Float enhancements (AL)
\c@float@type=\count97
\float@exts=\toks24
\float@box=\box26
\@float@everytoks=\toks25
\@floatcapt=\box27
)
("C:\Program Files\Latek\tex\latex\amsmath\amsmath.sty"
Package: amsmath 2016/11/05 v2.16a AMS math features
\@mathmargin=\skip48

For additional information on amsmath, use the `?' option.
("C:\Program Files\Latek\tex\latex\amsmath\amstext.sty"
Package: amstext 2000/06/29 v2.01 AMS text

("C:\Program Files\Latek\tex\latex\amsmath\amsgen.sty"
File: amsgen.sty 1999/11/30 v2.0 generic functions
\@emptytoks=\toks26
\ex@=\dimen106
))
("C:\Program Files\Latek\tex\latex\amsmath\amsbsy.sty"
Package: amsbsy 1999/11/29 v1.2d Bold Symbols
\pmbraise@=\dimen107
)
("C:\Program Files\Latek\tex\latex\amsmath\amsopn.sty"
Package: amsopn 2016/03/08 v2.02 operator names
)
\inf@bad=\count98
LaTeX Info: Redefining \frac on input line 213.
\uproot@=\count99
\leftroot@=\count100
LaTeX Info: Redefining \overline on input line 375.
\classnum@=\count101
\DOTSCASE@=\count102
LaTeX Info: Redefining \ldots on input line 472.
LaTeX Info: Redefining \dots on input line 475.
LaTeX Info: Redefining \cdots on input line 596.
\Mathstrutbox@=\box28
\strutbox@=\box29
\big@size=\dimen108
LaTeX Font Info:    Redeclaring font encoding OML on input line 712.
LaTeX Font Info:    Redeclaring font encoding OMS on input line 713.
\macc@depth=\count103
\c@MaxMatrixCols=\count104
\dotsspace@=\muskip10
\c@parentequation=\count105
\dspbrk@lvl=\count106
\tag@help=\toks27
\row@=\count107
\column@=\count108
\maxfields@=\count109
\andhelp@=\toks28
\eqnshift@=\dimen109
\alignsep@=\dimen110
\tagshift@=\dimen111
\tagwidth@=\dimen112
\totwidth@=\dimen113
\lineht@=\dimen114
\@envbody=\toks29
\multlinegap=\skip49
\multlinetaggap=\skip50
\mathdisplay@stack=\toks30
LaTeX Info: Redefining \[ on input line 2817.
LaTeX Info: Redefining \] on input line 2818.
)
("C:\Program Files\Latek\tex\latex\graphics\graphicx.sty"
Package: graphicx 2017/06/01 v1.1a Enhanced LaTeX Graphics (DPC,SPQR)

("C:\Program Files\Latek\tex\latex\graphics\graphics.sty"
Package: graphics 2017/06/25 v1.2c Standard LaTeX Graphics (DPC,SPQR)

("C:\Program Files\Latek\tex\latex\graphics\trig.sty"
Package: trig 2016/01/03 v1.10 sin cos tan (DPC)
)
("C:\Program Files\Latek\tex\latex\graphics-cfg\graphics.cfg"
File: graphics.cfg 2016/06/04 v1.11 sample graphics configuration
)
Package graphics Info: Driver file: pdftex.def on input line 99.

("C:\Program Files\Latek\tex\latex\graphics-def\pdftex.def"
File: pdftex.def 2017/06/24 v1.0g Graphics/color driver for pdftex
))
\Gin@req@height=\dimen115
\Gin@req@width=\dimen116
)
("C:\Users\GRANTE Florian\AppData\Roaming\MiKTeX\2.9\tex\latex\todonotes\todono
tes.sty"
Package: todonotes 2015/07/09 .dtx Todonotes source and documentation.
Package: todonotes 2012/07/25
 ("C:\Program Files\Latek\tex\latex\base\ifthen.sty"
Package: ifthen 2014/09/29 v1.1c Standard LaTeX ifthen package (DPC)
)
("C:\Program Files\Latek\tex\latex\xkeyval\xkeyval.sty"
Package: xkeyval 2014/12/03 v2.7a package option processing (HA)

("C:\Program Files\Latek\tex\generic\xkeyval\xkeyval.tex"
("C:\Program Files\Latek\tex\generic\xkeyval\xkvutils.tex"
\XKV@toks=\toks31
\XKV@tempa@toks=\toks32
)
\XKV@depth=\count110
File: xkeyval.tex 2014/12/03 v2.7a key=value parser (HA)
))
("C:\Users\GRANTE Florian\AppData\Roaming\MiKTeX\2.9\tex\latex\xcolor\xcolor.st
y"
Package: xcolor 2016/05/11 v2.12 LaTeX color extensions (UK)
 ("C:\Program Files\Latek\tex\latex\graphics-cfg\color.cfg"
File: color.cfg 2016/01/02 v1.6 sample color configuration
)
Package xcolor Info: Driver file: pdftex.def on input line 225.
Package xcolor Info: Model `cmy' substituted by `cmy0' on input line 1348.
Package xcolor Info: Model `hsb' substituted by `rgb' on input line 1352.
Package xcolor Info: Model `RGB' extended on input line 1364.
Package xcolor Info: Model `HTML' substituted by `rgb' on input line 1366.
Package xcolor Info: Model `Hsb' substituted by `hsb' on input line 1367.
Package xcolor Info: Model `tHsb' substituted by `hsb' on input line 1368.
Package xcolor Info: Model `HSB' substituted by `hsb' on input line 1369.
Package xcolor Info: Model `Gray' substituted by `gray' on input line 1370.
Package xcolor Info: Model `wave' substituted by `hsb' on input line 1371.
)
("C:\Users\GRANTE Florian\AppData\Roaming\MiKTeX\2.9\tex\latex\pgf\frontendlaye
r\tikz.sty"
("C:\Users\GRANTE Florian\AppData\Roaming\MiKTeX\2.9\tex\latex\pgf\basiclayer\p
gf.sty"
("C:\Users\GRANTE Florian\AppData\Roaming\MiKTeX\2.9\tex\latex\pgf\utilities\pg
frcs.sty"
("C:\Users\GRANTE Florian\AppData\Roaming\MiKTeX\2.9\tex\generic\pgf\utilities\
pgfutil-common.tex"
\pgfutil@everybye=\toks33
\pgfutil@tempdima=\dimen117
\pgfutil@tempdimb=\dimen118

("C:\Users\GRANTE Florian\AppData\Roaming\MiKTeX\2.9\tex\generic\pgf\utilities\
pgfutil-common-lists.tex"))
("C:\Users\GRANTE Florian\AppData\Roaming\MiKTeX\2.9\tex\generic\pgf\utilities\
pgfutil-latex.def"
\pgfutil@abb=\box30

("C:\Users\GRANTE Florian\AppData\Roaming\MiKTeX\2.9\tex\latex\ms\everyshi.sty"
Package: everyshi 2001/05/15 v3.00 EveryShipout Package (MS)
))
("C:\Users\GRANTE Florian\AppData\Roaming\MiKTeX\2.9\tex\generic\pgf\utilities\
pgfrcs.code.tex"
Package: pgfrcs 2015/08/07 v3.0.1a (rcs-revision 1.31)
))
Package: pgf 2015/08/07 v3.0.1a (rcs-revision 1.15)

("C:\Users\GRANTE Florian\AppData\Roaming\MiKTeX\2.9\tex\latex\pgf\basiclayer\p
gfcore.sty"
("C:\Users\GRANTE Florian\AppData\Roaming\MiKTeX\2.9\tex\latex\pgf\systemlayer\
pgfsys.sty"
("C:\Users\GRANTE Florian\AppData\Roaming\MiKTeX\2.9\tex\generic\pgf\systemlaye
r\pgfsys.code.tex"
Package: pgfsys 2014/07/09 v3.0.1a (rcs-revision 1.48)

("C:\Users\GRANTE Florian\AppData\Roaming\MiKTeX\2.9\tex\generic\pgf\utilities\
pgfkeys.code.tex"
\pgfkeys@pathtoks=\toks34
\pgfkeys@temptoks=\toks35

("C:\Users\GRANTE Florian\AppData\Roaming\MiKTeX\2.9\tex\generic\pgf\utilities\
pgfkeysfiltered.code.tex"
\pgfkeys@tmptoks=\toks36
))
\pgf@x=\dimen119
\pgf@y=\dimen120
\pgf@xa=\dimen121
\pgf@ya=\dimen122
\pgf@xb=\dimen123
\pgf@yb=\dimen124
\pgf@xc=\dimen125
\pgf@yc=\dimen126
\w@pgf@writea=\write3
\r@pgf@reada=\read1
\c@pgf@counta=\count111
\c@pgf@countb=\count112
\c@pgf@countc=\count113
\c@pgf@countd=\count114
\t@pgf@toka=\toks37
\t@pgf@tokb=\toks38
\t@pgf@tokc=\toks39

("C:\Users\GRANTE Florian\AppData\Roaming\MiKTeX\2.9\tex\generic\pgf\systemlaye
r\pgf.cfg"
File: pgf.cfg 2008/05/14  (rcs-revision 1.7)
)
Driver file for pgf: pgfsys-pdftex.def

("C:\Users\GRANTE Florian\AppData\Roaming\MiKTeX\2.9\tex\generic\pgf\systemlaye
r\pgfsys-pdftex.def"
File: pgfsys-pdftex.def 2014/10/11  (rcs-revision 1.35)

("C:\Users\GRANTE Florian\AppData\Roaming\MiKTeX\2.9\tex\generic\pgf\systemlaye
r\pgfsys-common-pdf.def"
File: pgfsys-common-pdf.def 2013/10/10  (rcs-revision 1.13)
)))
("C:\Users\GRANTE Florian\AppData\Roaming\MiKTeX\2.9\tex\generic\pgf\systemlaye
r\pgfsyssoftpath.code.tex"
File: pgfsyssoftpath.code.tex 2013/09/09  (rcs-revision 1.9)
\pgfsyssoftpath@smallbuffer@items=\count115
\pgfsyssoftpath@bigbuffer@items=\count116
)
("C:\Users\GRANTE Florian\AppData\Roaming\MiKTeX\2.9\tex\generic\pgf\systemlaye
r\pgfsysprotocol.code.tex"
File: pgfsysprotocol.code.tex 2006/10/16  (rcs-revision 1.4)
))
("C:\Users\GRANTE Florian\AppData\Roaming\MiKTeX\2.9\tex\generic\pgf\basiclayer
\pgfcore.code.tex"
Package: pgfcore 2010/04/11 v3.0.1a (rcs-revision 1.7)

("C:\Users\GRANTE Florian\AppData\Roaming\MiKTeX\2.9\tex\generic\pgf\math\pgfma
th.code.tex"
("C:\Users\GRANTE Florian\AppData\Roaming\MiKTeX\2.9\tex\generic\pgf\math\pgfma
thcalc.code.tex"
("C:\Users\GRANTE Florian\AppData\Roaming\MiKTeX\2.9\tex\generic\pgf\math\pgfma
thutil.code.tex")
("C:\Users\GRANTE Florian\AppData\Roaming\MiKTeX\2.9\tex\generic\pgf\math\pgfma
thparser.code.tex"
\pgfmath@dimen=\dimen127
\pgfmath@count=\count117
\pgfmath@box=\box31
\pgfmath@toks=\toks40
\pgfmath@stack@operand=\toks41
\pgfmath@stack@operation=\toks42
)
("C:\Users\GRANTE Florian\AppData\Roaming\MiKTeX\2.9\tex\generic\pgf\math\pgfma
thfunctions.code.tex"
("C:\Users\GRANTE Florian\AppData\Roaming\MiKTeX\2.9\tex\generic\pgf\math\pgfma
thfunctions.basic.code.tex")
("C:\Users\GRANTE Florian\AppData\Roaming\MiKTeX\2.9\tex\generic\pgf\math\pgfma
thfunctions.trigonometric.code.tex")
("C:\Users\GRANTE Florian\AppData\Roaming\MiKTeX\2.9\tex\generic\pgf\math\pgfma
thfunctions.random.code.tex")
("C:\Users\GRANTE Florian\AppData\Roaming\MiKTeX\2.9\tex\generic\pgf\math\pgfma
thfunctions.comparison.code.tex")
("C:\Users\GRANTE Florian\AppData\Roaming\MiKTeX\2.9\tex\generic\pgf\math\pgfma
thfunctions.base.code.tex")
("C:\Users\GRANTE Florian\AppData\Roaming\MiKTeX\2.9\tex\generic\pgf\math\pgfma
thfunctions.round.code.tex")
("C:\Users\GRANTE Florian\AppData\Roaming\MiKTeX\2.9\tex\generic\pgf\math\pgfma
thfunctions.misc.code.tex")
("C:\Users\GRANTE Florian\AppData\Roaming\MiKTeX\2.9\tex\generic\pgf\math\pgfma
thfunctions.integerarithmetics.code.tex")))
("C:\Users\GRANTE Florian\AppData\Roaming\MiKTeX\2.9\tex\generic\pgf\math\pgfma
thfloat.code.tex"
\c@pgfmathroundto@lastzeros=\count118
))
("C:\Users\GRANTE Florian\AppData\Roaming\MiKTeX\2.9\tex\generic\pgf\basiclayer
\pgfcorepoints.code.tex"
File: pgfcorepoints.code.tex 2013/10/07  (rcs-revision 1.27)
\pgf@picminx=\dimen128
\pgf@picmaxx=\dimen129
\pgf@picminy=\dimen130
\pgf@picmaxy=\dimen131
\pgf@pathminx=\dimen132
\pgf@pathmaxx=\dimen133
\pgf@pathminy=\dimen134
\pgf@pathmaxy=\dimen135
\pgf@xx=\dimen136
\pgf@xy=\dimen137
\pgf@yx=\dimen138
\pgf@yy=\dimen139
\pgf@zx=\dimen140
\pgf@zy=\dimen141
)
("C:\Users\GRANTE Florian\AppData\Roaming\MiKTeX\2.9\tex\generic\pgf\basiclayer
\pgfcorepathconstruct.code.tex"
File: pgfcorepathconstruct.code.tex 2013/10/07  (rcs-revision 1.29)
\pgf@path@lastx=\dimen142
\pgf@path@lasty=\dimen143
)
("C:\Users\GRANTE Florian\AppData\Roaming\MiKTeX\2.9\tex\generic\pgf\basiclayer
\pgfcorepathusage.code.tex"
File: pgfcorepathusage.code.tex 2014/11/02  (rcs-revision 1.24)
\pgf@shorten@end@additional=\dimen144
\pgf@shorten@start@additional=\dimen145
)
("C:\Users\GRANTE Florian\AppData\Roaming\MiKTeX\2.9\tex\generic\pgf\basiclayer
\pgfcorescopes.code.tex"
File: pgfcorescopes.code.tex 2015/05/08  (rcs-revision 1.46)
\pgfpic=\box32
\pgf@hbox=\box33
\pgf@layerbox@main=\box34
\pgf@picture@serial@count=\count119
)
("C:\Users\GRANTE Florian\AppData\Roaming\MiKTeX\2.9\tex\generic\pgf\basiclayer
\pgfcoregraphicstate.code.tex"
File: pgfcoregraphicstate.code.tex 2014/11/02  (rcs-revision 1.12)
\pgflinewidth=\dimen146
)
("C:\Users\GRANTE Florian\AppData\Roaming\MiKTeX\2.9\tex\generic\pgf\basiclayer
\pgfcoretransformations.code.tex"
File: pgfcoretransformations.code.tex 2015/08/07  (rcs-revision 1.20)
\pgf@pt@x=\dimen147
\pgf@pt@y=\dimen148
\pgf@pt@temp=\dimen149
)
("C:\Users\GRANTE Florian\AppData\Roaming\MiKTeX\2.9\tex\generic\pgf\basiclayer
\pgfcorequick.code.tex"
File: pgfcorequick.code.tex 2008/10/09  (rcs-revision 1.3)
)
("C:\Users\GRANTE Florian\AppData\Roaming\MiKTeX\2.9\tex\generic\pgf\basiclayer
\pgfcoreobjects.code.tex"
File: pgfcoreobjects.code.tex 2006/10/11  (rcs-revision 1.2)
)
("C:\Users\GRANTE Florian\AppData\Roaming\MiKTeX\2.9\tex\generic\pgf\basiclayer
\pgfcorepathprocessing.code.tex"
File: pgfcorepathprocessing.code.tex 2013/09/09  (rcs-revision 1.9)
)
("C:\Users\GRANTE Florian\AppData\Roaming\MiKTeX\2.9\tex\generic\pgf\basiclayer
\pgfcorearrows.code.tex"
File: pgfcorearrows.code.tex 2015/05/14  (rcs-revision 1.43)
\pgfarrowsep=\dimen150
)
("C:\Users\GRANTE Florian\AppData\Roaming\MiKTeX\2.9\tex\generic\pgf\basiclayer
\pgfcoreshade.code.tex"
File: pgfcoreshade.code.tex 2013/07/15  (rcs-revision 1.15)
\pgf@max=\dimen151
\pgf@sys@shading@range@num=\count120
)
("C:\Users\GRANTE Florian\AppData\Roaming\MiKTeX\2.9\tex\generic\pgf\basiclayer
\pgfcoreimage.code.tex"
File: pgfcoreimage.code.tex 2013/07/15  (rcs-revision 1.18)

("C:\Users\GRANTE Florian\AppData\Roaming\MiKTeX\2.9\tex\generic\pgf\basiclayer
\pgfcoreexternal.code.tex"
File: pgfcoreexternal.code.tex 2014/07/09  (rcs-revision 1.21)
\pgfexternal@startupbox=\box35
))
("C:\Users\GRANTE Florian\AppData\Roaming\MiKTeX\2.9\tex\generic\pgf\basiclayer
\pgfcorelayers.code.tex"
File: pgfcorelayers.code.tex 2013/07/18  (rcs-revision 1.7)
)
("C:\Users\GRANTE Florian\AppData\Roaming\MiKTeX\2.9\tex\generic\pgf\basiclayer
\pgfcoretransparency.code.tex"
File: pgfcoretransparency.code.tex 2013/09/30  (rcs-revision 1.5)
)
("C:\Users\GRANTE Florian\AppData\Roaming\MiKTeX\2.9\tex\generic\pgf\basiclayer
\pgfcorepatterns.code.tex"
File: pgfcorepatterns.code.tex 2013/11/07  (rcs-revision 1.5)
)))
("C:\Users\GRANTE Florian\AppData\Roaming\MiKTeX\2.9\tex\generic\pgf\modules\pg
fmoduleshapes.code.tex"
File: pgfmoduleshapes.code.tex 2014/03/21  (rcs-revision 1.35)
\pgfnodeparttextbox=\box36
)
("C:\Users\GRANTE Florian\AppData\Roaming\MiKTeX\2.9\tex\generic\pgf\modules\pg
fmoduleplot.code.tex"
File: pgfmoduleplot.code.tex 2015/08/03  (rcs-revision 1.13)
)
("C:\Users\GRANTE Florian\AppData\Roaming\MiKTeX\2.9\tex\latex\pgf\compatibilit
y\pgfcomp-version-0-65.sty"
Package: pgfcomp-version-0-65 2007/07/03 v3.0.1a (rcs-revision 1.7)
\pgf@nodesepstart=\dimen152
\pgf@nodesepend=\dimen153
)
("C:\Users\GRANTE Florian\AppData\Roaming\MiKTeX\2.9\tex\latex\pgf\compatibilit
y\pgfcomp-version-1-18.sty"
Package: pgfcomp-version-1-18 2007/07/23 v3.0.1a (rcs-revision 1.1)
))
("C:\Users\GRANTE Florian\AppData\Roaming\MiKTeX\2.9\tex\latex\pgf\utilities\pg
ffor.sty"
("C:\Users\GRANTE Florian\AppData\Roaming\MiKTeX\2.9\tex\latex\pgf\utilities\pg
fkeys.sty"
("C:\Users\GRANTE Florian\AppData\Roaming\MiKTeX\2.9\tex\generic\pgf\utilities\
pgfkeys.code.tex"))
("C:\Users\GRANTE Florian\AppData\Roaming\MiKTeX\2.9\tex\latex\pgf\math\pgfmath
.sty"
("C:\Users\GRANTE Florian\AppData\Roaming\MiKTeX\2.9\tex\generic\pgf\math\pgfma
th.code.tex"))
("C:\Users\GRANTE Florian\AppData\Roaming\MiKTeX\2.9\tex\generic\pgf\utilities\
pgffor.code.tex"
Package: pgffor 2013/12/13 v3.0.1a (rcs-revision 1.25)

("C:\Users\GRANTE Florian\AppData\Roaming\MiKTeX\2.9\tex\generic\pgf\math\pgfma
th.code.tex")
\pgffor@iter=\dimen154
\pgffor@skip=\dimen155
\pgffor@stack=\toks43
\pgffor@toks=\toks44
))
("C:\Users\GRANTE Florian\AppData\Roaming\MiKTeX\2.9\tex\generic\pgf\frontendla
yer\tikz\tikz.code.tex"
Package: tikz 2015/08/07 v3.0.1a (rcs-revision 1.151)

("C:\Users\GRANTE Florian\AppData\Roaming\MiKTeX\2.9\tex\generic\pgf\libraries\
pgflibraryplothandlers.code.tex"
File: pgflibraryplothandlers.code.tex 2013/08/31 v3.0.1a (rcs-revision 1.20)
\pgf@plot@mark@count=\count121
\pgfplotmarksize=\dimen156
)
\tikz@lastx=\dimen157
\tikz@lasty=\dimen158
\tikz@lastxsaved=\dimen159
\tikz@lastysaved=\dimen160
\tikzleveldistance=\dimen161
\tikzsiblingdistance=\dimen162
\tikz@figbox=\box37
\tikz@figbox@bg=\box38
\tikz@tempbox=\box39
\tikz@tempbox@bg=\box40
\tikztreelevel=\count122
\tikznumberofchildren=\count123
\tikznumberofcurrentchild=\count124
\tikz@fig@count=\count125

("C:\Users\GRANTE Florian\AppData\Roaming\MiKTeX\2.9\tex\generic\pgf\modules\pg
fmodulematrix.code.tex"
File: pgfmodulematrix.code.tex 2013/09/17  (rcs-revision 1.8)
\pgfmatrixcurrentrow=\count126
\pgfmatrixcurrentcolumn=\count127
\pgf@matrix@numberofcolumns=\count128
)
\tikz@expandcount=\count129

("C:\Users\GRANTE Florian\AppData\Roaming\MiKTeX\2.9\tex\generic\pgf\frontendla
yer\tikz\libraries\tikzlibrarytopaths.code.tex"
File: tikzlibrarytopaths.code.tex 2008/06/17 v3.0.1a (rcs-revision 1.2)
)))
("C:\Users\GRANTE Florian\AppData\Roaming\MiKTeX\2.9\tex\generic\pgf\frontendla
yer\tikz\libraries\tikzlibrarypositioning.code.tex"
File: tikzlibrarypositioning.code.tex 2008/10/06 v3.0.1a (rcs-revision 1.7)
)
("C:\Program Files\Latek\tex\latex\tools\calc.sty"
Package: calc 2014/10/28 v4.3 Infix arithmetic (KKT,FJ)
\calc@Acount=\count130
\calc@Bcount=\count131
\calc@Adimen=\dimen163
\calc@Bdimen=\dimen164
\calc@Askip=\skip51
\calc@Bskip=\skip52
LaTeX Info: Redefining \setlength on input line 80.
LaTeX Info: Redefining \addtolength on input line 81.
\calc@Ccount=\count132
\calc@Cskip=\skip53
)
\c@@todonotes@numberoftodonotes=\count133
)
("C:\Users\GRANTE Florian\AppData\Roaming\MiKTeX\2.9\tex\latex\url\url.sty"
\Urlmuskip=\muskip11
Package: url 2013/09/16  ver 3.4  Verb mode for urls, etc.
)
("C:\Program Files\Latek\tex\latex\hyperref\hyperref.sty"
Package: hyperref 2017/03/14 v6.85a Hypertext links for LaTeX

("C:\Program Files\Latek\tex\generic\oberdiek\hobsub-hyperref.sty"
Package: hobsub-hyperref 2016/05/16 v1.14 Bundle oberdiek, subset hyperref (HO)


("C:\Program Files\Latek\tex\generic\oberdiek\hobsub-generic.sty"
Package: hobsub-generic 2016/05/16 v1.14 Bundle oberdiek, subset generic (HO)
Package: hobsub 2016/05/16 v1.14 Construct package bundles (HO)
Package: infwarerr 2016/05/16 v1.4 Providing info/warning/error messages (HO)
Package: ltxcmds 2016/05/16 v1.23 LaTeX kernel commands for general use (HO)
Package: ifluatex 2016/05/16 v1.4 Provides the ifluatex switch (HO)
Package ifluatex Info: LuaTeX not detected.
Package: ifvtex 2016/05/16 v1.6 Detect VTeX and its facilities (HO)
Package ifvtex Info: VTeX not detected.
Package: intcalc 2016/05/16 v1.2 Expandable calculations with integers (HO)
Package: ifpdf 2017/03/15 v3.2 Provides the ifpdf switch
Package: etexcmds 2016/05/16 v1.6 Avoid name clashes with e-TeX commands (HO)
Package etexcmds Info: Could not find \expanded.
(etexcmds)             That can mean that you are not using pdfTeX 1.50 or
(etexcmds)             that some package has redefined \expanded.
(etexcmds)             In the latter case, load this package earlier.
Package: kvsetkeys 2016/05/16 v1.17 Key value parser (HO)
Package: kvdefinekeys 2016/05/16 v1.4 Define keys (HO)
Package: pdftexcmds 2017/03/19 v0.25 Utility functions of pdfTeX for LuaTeX (HO
)
Package pdftexcmds Info: LuaTeX not detected.
Package pdftexcmds Info: \pdf@primitive is available.
Package pdftexcmds Info: \pdf@ifprimitive is available.
Package pdftexcmds Info: \pdfdraftmode found.
Package: pdfescape 2016/05/16 v1.14 Implements pdfTeX's escape features (HO)
Package: bigintcalc 2016/05/16 v1.4 Expandable calculations on big integers (HO
)
Package: bitset 2016/05/16 v1.2 Handle bit-vector datatype (HO)
Package: uniquecounter 2016/05/16 v1.3 Provide unlimited unique counter (HO)
)
Package hobsub Info: Skipping package `hobsub' (already loaded).
Package: letltxmacro 2016/05/16 v1.5 Let assignment for LaTeX macros (HO)
Package: hopatch 2016/05/16 v1.3 Wrapper for package hooks (HO)
Package: xcolor-patch 2016/05/16 xcolor patch
Package: atveryend 2016/05/16 v1.9 Hooks at the very end of document (HO)
Package atveryend Info: \enddocument detected (standard20110627).
Package: atbegshi 2016/06/09 v1.18 At begin shipout hook (HO)
Package: refcount 2016/05/16 v3.5 Data extraction from label references (HO)
Package: hycolor 2016/05/16 v1.8 Color options for hyperref/bookmark (HO)
)
("C:\Program Files\Latek\tex\generic\ifxetex\ifxetex.sty"
Package: ifxetex 2010/09/12 v0.6 Provides ifxetex conditional
)
("C:\Program Files\Latek\tex\latex\oberdiek\auxhook.sty"
Package: auxhook 2016/05/16 v1.4 Hooks for auxiliary files (HO)
)
("C:\Program Files\Latek\tex\latex\oberdiek\kvoptions.sty"
Package: kvoptions 2016/05/16 v3.12 Key value format for package options (HO)
)
\@linkdim=\dimen165
\Hy@linkcounter=\count134
\Hy@pagecounter=\count135

("C:\Program Files\Latek\tex\latex\hyperref\pd1enc.def"
File: pd1enc.def 2017/03/14 v6.85a Hyperref: PDFDocEncoding definition (HO)
)
\Hy@SavedSpaceFactor=\count136

("C:\Program Files\Latek\tex\latex\00miktex\hyperref.cfg"
File: hyperref.cfg 2002/06/06 v1.2 hyperref configuration of TeXLive
)
Package hyperref Info: Option `colorlinks' set `true' on input line 4374.
Package hyperref Info: Hyper figures OFF on input line 4498.
Package hyperref Info: Link nesting OFF on input line 4503.
Package hyperref Info: Hyper index ON on input line 4506.
Package hyperref Info: Plain pages OFF on input line 4513.
Package hyperref Info: Backreferencing OFF on input line 4518.
Package hyperref Info: Implicit mode ON; LaTeX internals redefined.
Package hyperref Info: Bookmarks ON on input line 4751.
\c@Hy@tempcnt=\count137
LaTeX Info: Redefining \url on input line 5104.
\XeTeXLinkMargin=\dimen166
\Fld@menulength=\count138
\Field@Width=\dimen167
\Fld@charsize=\dimen168
Package hyperref Info: Hyper figures OFF on input line 6358.
Package hyperref Info: Link nesting OFF on input line 6363.
Package hyperref Info: Hyper index ON on input line 6366.
Package hyperref Info: backreferencing OFF on input line 6373.
Package hyperref Info: Link coloring ON on input line 6376.
Package hyperref Info: Link coloring with OCG OFF on input line 6383.
Package hyperref Info: PDF/A mode OFF on input line 6388.
LaTeX Info: Redefining \ref on input line 6428.
LaTeX Info: Redefining \pageref on input line 6432.
\Hy@abspage=\count139
\c@Item=\count140
\c@Hfootnote=\count141
)

Package hyperref Message: Driver (autodetected): hpdftex.

("C:\Program Files\Latek\tex\latex\hyperref\hpdftex.def"
File: hpdftex.def 2017/03/14 v6.85a Hyperref driver for pdfTeX
\Fld@listcount=\count142
\c@bookmark@seq@number=\count143

("C:\Program Files\Latek\tex\latex\oberdiek\rerunfilecheck.sty"
Package: rerunfilecheck 2016/05/16 v1.8 Rerun checks for auxiliary files (HO)
Package uniquecounter Info: New unique counter `rerunfilecheck' on input line 2
82.
)
\Hy@SectionHShift=\skip54
)
("C:\Program Files\Latek\tex\latex\tools\array.sty"
Package: array 2016/10/06 v2.4d Tabular extension package (FMi)
\col@sep=\dimen169
\extrarowheight=\dimen170
\NC@list=\toks45
\extratabsurround=\skip55
\backup@length=\skip56
)
("C:\Program Files\Latek\tex\latex\tools\tabularx.sty"
Package: tabularx 2016/02/03 v2.11 `tabularx' package (DPC)
\TX@col@width=\dimen171
\TX@old@table=\dimen172
\TX@old@col=\dimen173
\TX@target=\dimen174
\TX@delta=\dimen175
\TX@cols=\count144
\TX@ftn=\toks46
)
("C:\Users\GRANTE Florian\AppData\Roaming\MiKTeX\2.9\tex\latex\setspace\setspac
e.sty"
Package: setspace 2011/12/19 v6.7a set line spacing
)
("C:\Users\GRANTE Florian\AppData\Roaming\MiKTeX\2.9\tex\latex\abstract\abstrac
t.sty"
Package: abstract 2009/06/08 v1.2a configurable abstracts
\abstitleskip=\skip57
\absleftindent=\skip58
\absrightindent=\skip59
\absparindent=\skip60
\absparsep=\skip61
) ("C:\Program Files\Latek\tex\latex\base\fontenc.sty"
Package: fontenc 2017/04/05 v2.0i Standard LaTeX package

("C:\Program Files\Latek\tex\latex\base\t1enc.def"
File: t1enc.def 2017/04/05 v2.0i Standard LaTeX file
LaTeX Font Info:    Redeclaring font encoding T1 on input line 48.
))
("C:\Program Files\Latek\tex\latex\geometry\geometry.sty"
Package: geometry 2010/09/12 v5.6 Page Geometry
\Gm@cnth=\count145
\Gm@cntv=\count146
\c@Gm@tempcnt=\count147
\Gm@bindingoffset=\dimen176
\Gm@wd@mp=\dimen177
\Gm@odd@mp=\dimen178
\Gm@even@mp=\dimen179
\Gm@layoutwidth=\dimen180
\Gm@layoutheight=\dimen181
\Gm@layouthoffset=\dimen182
\Gm@layoutvoffset=\dimen183
\Gm@dimlist=\toks47

("C:\Program Files\Latek\tex\latex\geometry\geometry.cfg"))
("C:\Users\GRANTE Florian\AppData\Roaming\MiKTeX\2.9\tex\latex\subfig\subfig.st
y"
Package: subfig 2005/06/28 ver: 1.3 subfig package

("C:\Users\GRANTE Florian\AppData\Roaming\MiKTeX\2.9\tex\latex\caption\caption.
sty"
Package: caption 2016/02/21 v3.3-144 Customizing captions (AR)

("C:\Users\GRANTE Florian\AppData\Roaming\MiKTeX\2.9\tex\latex\caption\caption3
.sty"
Package: caption3 2016/05/22 v1.7-166 caption3 kernel (AR)
Package caption3 Info: TeX engine: e-TeX on input line 67.
\captionmargin=\dimen184
\captionmargin@=\dimen185
\captionwidth=\dimen186
\caption@tempdima=\dimen187
\caption@indent=\dimen188
\caption@parindent=\dimen189
\caption@hangindent=\dimen190
)
\c@ContinuedFloat=\count148
Package caption Info: float package is loaded.
Package caption Info: hyperref package is loaded.
)
\c@KVtest=\count149
\sf@farskip=\skip62
\sf@captopadj=\dimen191
\sf@capskip=\skip63
\sf@nearskip=\skip64
\c@subfigure=\count150
\c@subfigure@save=\count151
\c@lofdepth=\count152
\c@subtable=\count153
\c@subtable@save=\count154
\c@lotdepth=\count155
\sf@top=\skip65
\sf@bottom=\skip66
) ("C:\Program Files\Latek\tex\latex\multirow\multirow.sty"
Package: multirow 2016/11/25 v2.2 Span multiple rows of a table
\multirow@colwidth=\skip67
\multirow@cntb=\count156
\multirow@dima=\skip68
\bigstrutjot=\dimen192
)
("C:\Users\GRANTE Florian\AppData\Roaming\MiKTeX\2.9\tex\latex\listings\listing
s.sty"
\lst@mode=\count157
\lst@gtempboxa=\box41
\lst@token=\toks48
\lst@length=\count158
\lst@currlwidth=\dimen193
\lst@column=\count159
\lst@pos=\count160
\lst@lostspace=\dimen194
\lst@width=\dimen195
\lst@newlines=\count161
\lst@lineno=\count162
\lst@maxwidth=\dimen196

("C:\Users\GRANTE Florian\AppData\Roaming\MiKTeX\2.9\tex\latex\listings\lstmisc
.sty"
File: lstmisc.sty 2015/06/04 1.6 (Carsten Heinz)
\c@lstnumber=\count163
\lst@skipnumbers=\count164
\lst@framebox=\box42
)
("C:\Users\GRANTE Florian\AppData\Roaming\MiKTeX\2.9\tex\latex\listings\listing
s.cfg"
File: listings.cfg 2015/06/04 1.6 listings configuration
))
Package: listings 2015/06/04 1.6 (Carsten Heinz)
 ("C:\Program Files\Latek\tex\latex\tools\hhline.sty"
Package: hhline 2014/10/28 v2.03 Table rule package (DPC)
)
("C:\Users\GRANTE Florian\AppData\Roaming\MiKTeX\2.9\tex\latex\listings\lstlang
1.sty"
File: lstlang1.sty 2015/06/04 1.6 listings language file
)
("C:\Users\GRANTE Florian\AppData\Roaming\MiKTeX\2.9\tex\latex\listings\lstlang
1.sty"
File: lstlang1.sty 2015/06/04 1.6 listings language file
)
("C:\Users\GRANTE Florian\AppData\Roaming\MiKTeX\2.9\tex\latex\listings\lstlang
1.sty"
File: lstlang1.sty 2015/06/04 1.6 listings language file
) (livrable.aux)
\openout1 = `livrable.aux'.

LaTeX Font Info:    Checking defaults for OML/cmm/m/it on input line 66.
LaTeX Font Info:    ... okay on input line 66.
LaTeX Font Info:    Checking defaults for T1/cmr/m/n on input line 66.
LaTeX Font Info:    ... okay on input line 66.
LaTeX Font Info:    Checking defaults for OT1/cmr/m/n on input line 66.
LaTeX Font Info:    ... okay on input line 66.
LaTeX Font Info:    Checking defaults for OMS/cmsy/m/n on input line 66.
LaTeX Font Info:    ... okay on input line 66.
LaTeX Font Info:    Checking defaults for OMX/cmex/m/n on input line 66.
LaTeX Font Info:    ... okay on input line 66.
LaTeX Font Info:    Checking defaults for U/cmr/m/n on input line 66.
LaTeX Font Info:    ... okay on input line 66.
LaTeX Font Info:    Checking defaults for PD1/pdf/m/n on input line 66.
LaTeX Font Info:    ... okay on input line 66.
LaTeX Info: Redefining \degres on input line 66.
LaTeX Info: Redefining \dots on input line 66.
LaTeX Info: Redefining \up on input line 66.
 ("C:\Program Files\Latek\tex\latex\tools\hhline.sty"
Package: hhline 2014/10/28 v2.03 Table rule package (DPC)
)
("C:\Users\GRANTE Florian\AppData\Roaming\MiKTeX\2.9\tex\latex\ucs\ucsencs.def"
File: ucsencs.def 2011/01/21 Fixes to fontencodings LGR, T3
)
("C:\Users\GRANTE Florian\AppData\Roaming\MiKTeX\2.9\tex\context\base\supp-pdf.
mkii"
[Loading MPS to PDF converter (version 2006.09.02).]
\scratchcounter=\count165
\scratchdimen=\dimen197
\scratchbox=\box43
\nofMPsegments=\count166
\nofMParguments=\count167
\everyMPshowfont=\toks49
\MPscratchCnt=\count168
\MPscratchDim=\dimen198
\MPnumerator=\count169
\makeMPintoPDFobject=\count170
\everyMPtoPDFconversion=\toks50
) ("C:\Program Files\Latek\tex\latex\oberdiek\epstopdf-base.sty"
Package: epstopdf-base 2016/05/15 v2.6 Base part for package epstopdf

("C:\Program Files\Latek\tex\latex\oberdiek\grfext.sty"
Package: grfext 2016/05/16 v1.2 Manage graphics extensions (HO)
)
Package epstopdf-base Info: Redefining graphics rule for `.eps' on input line 4
38.
Package grfext Info: Graphics extension search list:
(grfext)             [.pdf,.png,.jpg,.mps,.jpeg,.jbig2,.jb2,.PDF,.PNG,.JPG,.JPE
G,.JBIG2,.JB2,.eps]
(grfext)             \AppendGraphicsExtensions on input line 456.
)
ABD: EveryShipout initializing macros
\AtBeginShipoutBox=\box44
Package hyperref Info: Link coloring ON on input line 66.

("C:\Program Files\Latek\tex\latex\hyperref\nameref.sty"
Package: nameref 2016/05/21 v2.44 Cross-referencing by name of section

("C:\Program Files\Latek\tex\generic\oberdiek\gettitlestring.sty"
Package: gettitlestring 2016/05/16 v1.5 Cleanup title references (HO)
)
\c@section@level=\count171
)
LaTeX Info: Redefining \ref on input line 66.
LaTeX Info: Redefining \pageref on input line 66.
LaTeX Info: Redefining \nameref on input line 66.

(livrable.out) (livrable.out)
\@outlinefile=\write4
\openout4 = `livrable.out'.


*geometry* driver: auto-detecting
*geometry* detected driver: pdftex
*geometry* verbose mode - [ preamble ] result:
* driver: pdftex
* paper: a4paper
* layout: <same size as paper>
* layoutoffset:(h,v)=(0.0pt,0.0pt)
* modes: 
* h-part:(L,W,R)=(56.9055pt, 483.69687pt, 56.9055pt)
* v-part:(T,H,B)=(56.9055pt, 731.23584pt, 56.9055pt)
* \paperwidth=597.50787pt
* \paperheight=845.04684pt
* \textwidth=483.69687pt
* \textheight=731.23584pt
* \oddsidemargin=-15.36449pt
* \evensidemargin=-15.36449pt
* \topmargin=-52.36449pt
* \headheight=12.0pt
* \headsep=25.0pt
* \topskip=10.0pt
* \footskip=30.0pt
* \marginparwidth=57.0pt
* \marginparsep=11.0pt
* \columnsep=10.0pt
* \skip\footins=9.0pt plus 4.0pt minus 2.0pt
* \hoffset=0.0pt
* \voffset=0.0pt
* \mag=1000
* \@twocolumnfalse
* \@twosidefalse
* \@mparswitchfalse
* \@reversemarginfalse
* (1in=72.27pt=25.4mm, 1cm=28.453pt)

Package caption Info: Begin \AtBeginDocument code.
Package caption Info: subfig package v1.3 is loaded.
Package caption Info: listings package is loaded.
Package caption Info: End \AtBeginDocument code.
\c@lstlisting=\count172
(title.tex
<./images/logo.jpg, id=54, 737.8767pt x 387.6081pt>
File: ./images/logo.jpg Graphic file (type jpg)
<use ./images/logo.jpg>
Package pdftex.def Info: ./images/logo.jpg  used on input line 5. on input line
 5.
Package pdftex.def Info: Requested size: 169.29684pt x 88.92915pt on input line
 5.
 [1

{C:/Users/GRANTE Florian/AppData/Local/MiKTeX/2.9/pdftex/config/pdftex.map} <./
images/logo.jpg>]) (livrable.toc)
\tf@toc=\write5
\openout5 = `livrable.toc'.

 [0

] (introduction.tex
("C:\Users\GRANTE Florian\AppData\Roaming\MiKTeX\2.9\tex\latex\ucs\uni-0.def"
File: uni-0.def 2013/05/13 UCS: Unicode data U+0000..U+00FF
)
<images/rpi.jpg, id=86, 3902.58pt x 2601.72pt>
File: images/rpi.jpg Graphic file (type jpg)
<use images/rpi.jpg>
Package pdftex.def Info: images/rpi.jpg  used on input line 12. on input line 1
2.
Package pdftex.def Info: Requested size: 478.00812pt x 318.66386pt on input lin
e 12.
) (presentation.texpdfTeX warning (ext4): destination with the same identifier 
(name{page.1}) has been already used, duplicate ignored
<to be read again> 
                   \relax 
l.1 \chapter
            {Présentation du matériel} [1

 <./images/rpi.jpg>]
Chapitre 1.

Underfull \hbox (badness 10000) in paragraph at lines 25--28

 []


Underfull \hbox (badness 10000) in paragraph at lines 25--28

 []

[2

]
LaTeX Font Info:    Try loading font information for T1+cmtt on input line 47.
 ("C:\Program Files\Latek\tex\latex\base\t1cmtt.fd"
File: t1cmtt.fd 2014/09/29 v2.5h Standard LaTeX font definitions
)
Underfull \hbox (badness 10000) in paragraph at lines 65--67

 []


Underfull \hbox (badness 10000) in paragraph at lines 65--67

 []

) (configuration.tex [3]
Chapitre 2.

! LaTeX Error: There's no line here to end.

See the LaTeX manual or LaTeX Companion for explanation.
Type  H <return>  for immediate help.
 ...                                              
                                                  
l.15 N
      ous pouvons désormais commencer l'installation de l'OS sur notre \tex...

Your command was ignored.
Type  I <command> <return>  to replace it with another command,
or  <return>  to continue without it.


Underfull \hbox (badness 10000) in paragraph at lines 18--19

 []

<images/etcher1.jpg, id=110, 604.50844pt x 309.40594pt>
File: images/etcher1.jpg Graphic file (type jpg)
<use images/etcher1.jpg>
Package pdftex.def Info: images/etcher1.jpg  used on input line 22. on input li
ne 22.
Package pdftex.def Info: Requested size: 358.50836pt x 183.49687pt on input lin
e 22.

Underfull \hbox (badness 10000) in paragraph at lines 19--25

 []


! LaTeX Error: There's no line here to end.

See the LaTeX manual or LaTeX Companion for explanation.
Type  H <return>  for immediate help.
 ...                                              
                                                  
l.26 	\item
            Cliquer sur \textit{"Select image"} à gauche puis sélectionner...

Your command was ignored.
Type  I <command> <return>  to replace it with another command,
or  <return>  to continue without it.


Underfull \hbox (badness 10000) in paragraph at lines 26--27

 []


Underfull \hbox (badness 10000) in paragraph at lines 27--28

 []

<images/etcher2.jpg, id=111, 603.0028pt x 307.90031pt>
File: images/etcher2.jpg Graphic file (type jpg)
<use images/etcher2.jpg>
Package pdftex.def Info: images/etcher2.jpg  used on input line 31. on input li
ne 31.
Package pdftex.def Info: Requested size: 358.50836pt x 183.05496pt on input lin
e 31.

Underfull \hbox (badness 10000) in paragraph at lines 28--34

 []


! LaTeX Error: There's no line here to end.

See the LaTeX manual or LaTeX Companion for explanation.
Type  H <return>  for immediate help.
 ...                                              
                                                  
l.35 \end
         {enumerate}
Your command was ignored.
Type  I <command> <return>  to replace it with another command,
or  <return>  to continue without it.

[4

 <./images/etcher1.jpg>]
<images/microsd.jpg, id=122, 3902.58pt x 2601.72pt>
File: images/microsd.jpg Graphic file (type jpg)
<use images/microsd.jpg>
Package pdftex.def Info: images/microsd.jpg  used on input line 46. on input li
ne 46.
Package pdftex.def Info: Requested size: 358.50836pt x 238.98798pt on input lin
e 46.

Underfull \hbox (badness 10000) in paragraph at lines 42--49

 []


! LaTeX Error: There's no line here to end.

See the LaTeX manual or LaTeX Companion for explanation.
Type  H <return>  for immediate help.
 ...                                              
                                                  
l.50 
     
Your command was ignored.
Type  I <command> <return>  to replace it with another command,
or  <return>  to continue without it.


Underfull \hbox (badness 10000) in paragraph at lines 51--53

 []


! Package xkeyval Error: `stepnumer' undefined in families `lst'.

See the xkeyval package documentation for explanation.
Type  H <return>  for immediate help.
 ...                                              
                                                  
l.57 \begin{lstlisting}[style=MyBashStyle]
                                          
Try typing  <return>  to proceed.
If that doesn't work, type  X <return>  to quit.


! Package xkeyval Error: `frames' undefined in families `lst'.

See the xkeyval package documentation for explanation.
Type  H <return>  for immediate help.
 ...                                              
                                                  
l.57 \begin{lstlisting}[style=MyBashStyle]
                                          
Try typing  <return>  to proceed.
If that doesn't work, type  X <return>  to quit.


Underfull \hbox (badness 10000) in paragraph at lines 54--57

 []

[5 <./images/etcher2.jpg> <./images/microsd.jpg>]
Underfull \hbox (badness 10000) in paragraph at lines 62--63

 []


! Package xkeyval Error: `stepnumer' undefined in families `lst'.

See the xkeyval package documentation for explanation.
Type  H <return>  for immediate help.
 ...                                              
                                                  
l.68 	\begin{lstlisting}[style=MyBashStyle]
                                           
Try typing  <return>  to proceed.
If that doesn't work, type  X <return>  to quit.


! Package xkeyval Error: `frames' undefined in families `lst'.

See the xkeyval package documentation for explanation.
Type  H <return>  for immediate help.
 ...                                              
                                                  
l.68 	\begin{lstlisting}[style=MyBashStyle]
                                           
Try typing  <return>  to proceed.
If that doesn't work, type  X <return>  to quit.


Underfull \hbox (badness 10000) in paragraph at lines 67--68

 []


! LaTeX Error: There's no line here to end.

See the LaTeX manual or LaTeX Companion for explanation.
Type  H <return>  for immediate help.
 ...                                              
                                                  
l.71 l
      a première fois, il vous sera demander si vous faites confiante, tape...

Your command was ignored.
Type  I <command> <return>  to replace it with another command,
or  <return>  to continue without it.


! Package xkeyval Error: `stepnumer' undefined in families `lst'.

See the xkeyval package documentation for explanation.
Type  H <return>  for immediate help.
 ...                                              
                                                  
l.75 	\begin{lstlisting}[style=MyBashStyle]
                                           
Try typing  <return>  to proceed.
If that doesn't work, type  X <return>  to quit.


! Package xkeyval Error: `frames' undefined in families `lst'.

See the xkeyval package documentation for explanation.
Type  H <return>  for immediate help.
 ...                                              
                                                  
l.75 	\begin{lstlisting}[style=MyBashStyle]
                                           
Try typing  <return>  to proceed.
If that doesn't work, type  X <return>  to quit.


Underfull \hbox (badness 10000) in paragraph at lines 74--75

 []


! LaTeX Error: There's no line here to end.

See the LaTeX manual or LaTeX Companion for explanation.
Type  H <return>  for immediate help.
 ...                                              
                                                  
l.78 	u
       n écran bleu devrait apparaître. %insérer image ici et expliquer l...

Your command was ignored.
Type  I <command> <return>  to replace it with another command,
or  <return>  to continue without it.


! Package xkeyval Error: `stepnumer' undefined in families `lst'.

See the xkeyval package documentation for explanation.
Type  H <return>  for immediate help.
 ...                                              
                                                  
l.82 	\begin{lstlisting}[style=MyBashStyle]
                                           
Try typing  <return>  to proceed.
If that doesn't work, type  X <return>  to quit.


! Package xkeyval Error: `frames' undefined in families `lst'.

See the xkeyval package documentation for explanation.
Type  H <return>  for immediate help.
 ...                                              
                                                  
l.82 	\begin{lstlisting}[style=MyBashStyle]
                                           
Try typing  <return>  to proceed.
If that doesn't work, type  X <return>  to quit.


Underfull \hbox (badness 10000) in paragraph at lines 81--82

 []


! LaTeX Error: There's no line here to end.

See the LaTeX manual or LaTeX Companion for explanation.
Type  H <return>  for immediate help.
 ...                                              
                                                  
l.88 	V
       otre \textit{RaspberryPi} va redémarrer.
Your command was ignored.
Type  I <command> <return>  to replace it with another command,
or  <return>  to continue without it.


! Package xkeyval Error: `stepnumer' undefined in families `lst'.

See the xkeyval package documentation for explanation.
Type  H <return>  for immediate help.
 ...                                              
                                                  
l.91 	\begin{lstlisting}[style=MyBashStyle]
                                           
Try typing  <return>  to proceed.
If that doesn't work, type  X <return>  to quit.


! Package xkeyval Error: `frames' undefined in families `lst'.

See the xkeyval package documentation for explanation.
Type  H <return>  for immediate help.
 ...                                              
                                                  
l.91 	\begin{lstlisting}[style=MyBashStyle]
                                           
Try typing  <return>  to proceed.
If that doesn't work, type  X <return>  to quit.


! LaTeX Error: There's no line here to end.

See the LaTeX manual or LaTeX Companion for explanation.
Type  H <return>  for immediate help.
 ...                                              
                                                  
l.98 
     
Your command was ignored.
Type  I <command> <return>  to replace it with another command,
or  <return>  to continue without it.


! Package Listings Error: Couldn't load requested style.

See the Listings package documentation for explanation.
Type  H <return>  for immediate help.
 ...                                              
                                                  
l.103 	\begin{lstlisting}[style=MyBashSyle]
                                           
The following styles weren't loadable:
    ,mybashsyle$
This may cause errors in the sequel.


! Package Listings Error: style mybashsyle undefined.

See the Listings package documentation for explanation.
Type  H <return>  for immediate help.
 ...                                              
                                                  
l.103 	\begin{lstlisting}[style=MyBashSyle]
                                           
The style is not loadable. Try typing  <return>  to proceed.
If that doesn't work, type  X <return>  to quit.


! LaTeX Error: There's no line here to end.

See the LaTeX manual or LaTeX Companion for explanation.
Type  H <return>  for immediate help.
 ...                                              
                                                  
l.106 	E
        lle va alors s'arrêter. Vous pouvez alors la débrancher une fois q...

Your command was ignored.
Type  I <command> <return>  to replace it with another command,
or  <return>  to continue without it.


! LaTeX Error: There's no line here to end.

See the LaTeX manual or LaTeX Companion for explanation.
Type  H <return>  for immediate help.
 ...                                              
                                                  
l.108 
      
Your command was ignored.
Type  I <command> <return>  to replace it with another command,
or  <return>  to continue without it.


Underfull \hbox (badness 10000) in paragraph at lines 109--111

 []


! LaTeX Error: Environment lstlisting] undefined.

See the LaTeX manual or LaTeX Companion for explanation.
Type  H <return>  for immediate help.
 ...                                              
                                                  
l.114 		\begin{lstlisting]}
                           [style=MyBashStyle]
Your command was ignored.
Type  I <command> <return>  to replace it with another command,
or  <return>  to continue without it.


! Undefined control sequence.
\lstlisting ->\def \lstenv@name 
                                {lstlisting}\begingroup \lst@setcatcodes \ca...
l.116 		\end{lstlisting}
                        
The control sequence at the end of the top line
of your error message was never \def'ed. If you have
misspelled it (e.g., `\hobx'), type `I' and the correct
spelling (e.g., `I\hbox'). Otherwise just continue,
and I'll forget about whatever was undefined.

! Package Listings Error: Extra \endlstlisting.

See the Listings package documentation for explanation.
Type  H <return>  for immediate help.
 ...                                              
                                                  
l.116 		\end{lstlisting}
                        
I'm ignoring this, since I wasn't doing a \def {lstlisting}\begingroup \catcode
 `\spacefactor \@m {}11\relax \catcode `\==12\relax \catcode \active =\active \
lstlisting@.


! LaTeX Error: \begin{enumerate} on input line 40 ended by \end{lstlisting}.

See the LaTeX manual or LaTeX Companion for explanation.
Type  H <return>  for immediate help.
 ...                                              
                                                  
l.116 		\end{lstlisting}
                        
Your command was ignored.
Type  I <command> <return>  to replace it with another command,
or  <return>  to continue without it.


! LaTeX Error: There's no line here to end.

See the LaTeX manual or LaTeX Companion for explanation.
Type  H <return>  for immediate help.
 ...                                              
                                                  
l.120 
      
Your command was ignored.
Type  I <command> <return>  to replace it with another command,
or  <return>  to continue without it.

[6]) [7]
Package atveryend Info: Empty hook `BeforeClearDocument' on input line 103.
Package atveryend Info: Empty hook `AfterLastShipout' on input line 103.
 (livrable.aux)
Package atveryend Info: Executing hook `AtVeryEndDocument' on input line 103.
Package atveryend Info: Executing hook `AtEndAfterFileList' on input line 103.


Package rerunfilecheck Warning: File `livrable.out' has changed.
(rerunfilecheck)                Rerun to get outlines right
(rerunfilecheck)                or use package `bookmark'.

Package rerunfilecheck Info: Checksums for `livrable.out':
(rerunfilecheck)             Before: 7E0B631D8E849558D69672EF9983E9B5;876
(rerunfilecheck)             After:  C3075147BA783A8DF91D39F550227B15;1000.
Package atveryend Info: Empty hook `AtVeryVeryEnd' on input line 103.
 ) 
Here is how much of TeX's memory you used:
 22021 strings out of 493328
 392140 string characters out of 3141250
 503888 words of memory out of 3000000
 25083 multiletter control sequences out of 15000+200000
 17660 words of font info for 35 fonts, out of 3000000 for 9000
 1141 hyphenation exceptions out of 8191
 62i,8n,116p,649b,1423s stack positions out of 5000i,500n,10000p,200000b,50000s
 <C:\Users\GRANTE Florian\AppData\Local\MiKTeX\2.9\fonts\pk\ljfour\jknappen\e
c\dpi600\ecrm0500.pk> <C:\Users\GRANTE Florian\AppData\Local\MiKTeX\2.9\fonts\p
k\ljfour\jknappen\ec\dpi600\ectt1000.pk> <C:\Users\GRANTE Florian\AppData\Local
\MiKTeX\2.9\fonts\pk\ljfour\jknappen\ec\dpi600\ecbx1200.pk> <C:\Users\GRANTE Fl
orian\AppData\Local\MiKTeX\2.9\fonts\pk\ljfour\jknappen\ec\dpi600\ecbi1440.pk> 
<C:\Users\GRANTE Florian\AppData\Local\MiKTeX\2.9\fonts\pk\ljfour\jknappen\ec\d
pi600\ecbx1440.pk> <C:\Users\GRANTE Florian\AppData\Local\MiKTeX\2.9\fonts\pk\l
jfour\jknappen\ec\dpi600\eccc1000.pk> <C:\Users\GRANTE Florian\AppData\Local\Mi
KTeX\2.9\fonts\pk\ljfour\jknappen\ec\dpi600\ecti1000.pk> <C:\Users\GRANTE Flori
an\AppData\Local\MiKTeX\2.9\fonts\pk\ljfour\jknappen\ec\dpi600\ecrm1000.pk> <C:
\Users\GRANTE Florian\AppData\Local\MiKTeX\2.9\fonts\pk\ljfour\jknappen\ec\dpi6
00\ecbx1000.pk> <C:\Users\GRANTE Florian\AppData\Local\MiKTeX\2.9\fonts\pk\ljfo
ur\jknappen\ec\dpi600\ecbx2488.pk> <C:\Users\GRANTE Florian\AppData\Local\MiKTe
X\2.9\fonts\pk\ljfour\jknappen\ec\dpi600\eccc1200.pk> <C:\Users\GRANTE Florian\
AppData\Local\MiKTeX\2.9\fonts\pk\ljfour\jknappen\ec\dpi600\ecrm1200.pk> <C:\Us
ers\GRANTE Florian\AppData\Local\MiKTeX\2.9\fonts\pk\ljfour\jknappen\ec\dpi600\
ecti1200.pk> <C:\Users\GRANTE Florian\AppData\Local\MiKTeX\2.9\fonts\pk\ljfour\
jknappen\ec\dpi600\ecbx2074.pk> <C:\Users\GRANTE Florian\AppData\Local\MiKTeX\2
.9\fonts\pk\ljfour\jknappen\ec\dpi600\eccc1728.pk><C:/Program Files/Latek/fonts
/type1/public/amsfonts/cm/cmsy10.pfb><C:/Program Files/Latek/fonts/type1/public
/amsfonts/cm/cmsy7.pfb>
Output written on livrable.pdf (9 pages, 8477003 bytes).
PDF statistics:
 626 PDF objects out of 1000 (max. 8388607)
 71 named destinations out of 1000 (max. 500000)
 134 words of extra memory for PDF output out of 10000 (max. 10000000)

